<?xml version="1.0" encoding="UTF-8"?>
<!-- Generated by org.testng.reporters.JUnitXMLReporter -->
<testsuite ignored="2" hostname="WalterWin10" failures="0" tests="4" name="OrangeHRMMyinfo" time="30.961" errors="0" timestamp="2024-01-28T00:27:52 NZDT">
  <testcase classname="com.testng.tests.OrangeHRM" name="LauchApp" time="19.073"/>
  <testcase classname="com.testng.tests.OrangeHRM" name="Login" time="5.279"/>
  <testcase classname="com.testng.tests.OrangeHRM" name="NavigateToMyInfo" time="6.376"/>
  <testcase classname="com.testng.tests.OrangeHRM" name="VerifyMyInfo" time="0.209"/>
  <testcase classname="com.testng.tests.OrangeHRM" name="VerifyLogin" time="0.0">
    <ignored/>
  </testcase> <!-- VerifyLogin -->
  <testcase classname="com.testng.tests.OrangeHRM" name="Logout" time="0.0">
    <ignored/>
  </testcase> <!-- Logout -->
</testsuite> <!-- OrangeHRMMyinfo -->
