<?xml version="1.0" encoding="UTF-8"?>
<!-- Generated by org.testng.reporters.JUnitXMLReporter -->
<testsuite ignored="3" hostname="Walters-MacBook-Pro.local" failures="0" tests="3" name="OrangeHRMLogin" time="31.586" errors="0" timestamp="2024-01-28T09:29:09 NZDT">
  <testcase classname="com.testng.tests.OrangeHRM" name="LauchApp" time="23.569"/>
  <testcase classname="com.testng.tests.OrangeHRM" name="Login" time="7.556"/>
  <testcase classname="com.testng.tests.OrangeHRM" name="VerifyLogin" time="0.347"/>
  <testcase classname="com.testng.tests.OrangeHRM" name="Logout" time="0.0">
    <ignored/>
  </testcase> <!-- Logout -->
  <testcase classname="com.testng.tests.OrangeHRM" name="VerifyMyInfo" time="0.0">
    <ignored/>
  </testcase> <!-- VerifyMyInfo -->
  <testcase classname="com.testng.tests.OrangeHRM" name="NavigateToMyInfo" time="0.0">
    <ignored/>
  </testcase> <!-- NavigateToMyInfo -->
</testsuite> <!-- OrangeHRMLogin -->
