<?xml version="1.0" encoding="UTF-8"?>
<!-- Generated by org.testng.reporters.JUnitXMLReporter -->
<testsuite ignored="2" hostname="Walters-MacBook-Pro.local" failures="0" tests="4" name="OrangeHRMMyinfo" time="31.498" errors="0" timestamp="2024-01-28T09:29:41 NZDT">
  <testcase classname="com.testng.tests.OrangeHRM" name="LauchApp" time="17.168"/>
  <testcase classname="com.testng.tests.OrangeHRM" name="Login" time="7.35"/>
  <testcase classname="com.testng.tests.OrangeHRM" name="NavigateToMyInfo" time="6.672"/>
  <testcase classname="com.testng.tests.OrangeHRM" name="VerifyMyInfo" time="0.291"/>
  <testcase classname="com.testng.tests.OrangeHRM" name="VerifyLogin" time="0.0">
    <ignored/>
  </testcase> <!-- VerifyLogin -->
  <testcase classname="com.testng.tests.OrangeHRM" name="Logout" time="0.0">
    <ignored/>
  </testcase> <!-- Logout -->
</testsuite> <!-- OrangeHRMMyinfo -->
