<?xml version="1.0" encoding="UTF-8"?>
<!-- Generated by org.testng.reporters.JUnitXMLReporter -->
<testsuite ignored="3" hostname="WalterWin10" failures="0" tests="3" name="OrangeHRMLogin" time="22.733" errors="0" timestamp="2024-01-28T00:06:24 NZDT">
  <testcase classname="com.testng.tests.OrangeHRM" name="LauchApp" time="17.16"/>
  <testcase classname="com.testng.tests.OrangeHRM" name="Login" time="5.237"/>
  <testcase classname="com.testng.tests.OrangeHRM" name="VerifyLogin" time="0.27"/>
  <testcase classname="com.testng.tests.OrangeHRM" name="NavigateToMyInfo" time="0.0">
    <ignored/>
  </testcase> <!-- NavigateToMyInfo -->
  <testcase classname="com.testng.tests.OrangeHRM" name="Logout" time="0.0">
    <ignored/>
  </testcase> <!-- Logout -->
  <testcase classname="com.testng.tests.OrangeHRM" name="VerifyMyInfo" time="0.0">
    <ignored/>
  </testcase> <!-- VerifyMyInfo -->
</testsuite> <!-- OrangeHRMLogin -->
