<?xml version="1.0" encoding="UTF-8"?>
<!-- Generated by org.testng.reporters.JUnitXMLReporter -->
<testsuite ignored="2" hostname="WalterWin10" failures="0" tests="1" name="TestGoogle" time="11.896" errors="0" timestamp="2024-01-28T00:07:04 NZDT">
  <testcase classname="com.testng.tests.FirstTest" name="TestGoogle" time="11.889"/>
  <testcase classname="com.testng.tests.FirstTest" name="TestYahoo" time="0.0">
    <ignored/>
  </testcase> <!-- TestYahoo -->
  <testcase classname="com.testng.tests.FirstTest" name="TestBing" time="0.0">
    <ignored/>
  </testcase> <!-- TestBing -->
</testsuite> <!-- TestGoogle -->
