<?xml version="1.0" encoding="UTF-8"?>
<!-- Generated by org.testng.reporters.JUnitXMLReporter -->
<testsuite ignored="2" hostname="WalterWin10" failures="0" tests="1" name="TestGoogle" time="12.596" errors="0" timestamp="2024-01-28T00:28:05 NZDT">
  <testcase classname="com.testng.tests.FirstTest" name="TestGoogle" time="12.593"/>
  <testcase classname="com.testng.tests.FirstTest" name="TestBing" time="0.0">
    <ignored/>
  </testcase> <!-- TestBing -->
  <testcase classname="com.testng.tests.FirstTest" name="TestYahoo" time="0.0">
    <ignored/>
  </testcase> <!-- TestYahoo -->
</testsuite> <!-- TestGoogle -->
