<?xml version="1.0" encoding="UTF-8"?>
<testng-results ignored="0" total="0" passed="0" failed="0" skipped="0">
  <reporter-output>
  </reporter-output>
  <suite started-at="2024-01-29T16:11:35 NZDT" name="Default suite" finished-at="2024-01-29T16:11:35 NZDT" duration-ms="21">
    <groups>
    </groups>
    <test started-at="2024-01-29T16:11:35 NZDT" name="Default test" finished-at="2024-01-29T16:11:35 NZDT" duration-ms="21">
    </test> <!-- Default test -->
  </suite> <!-- Default suite -->
</testng-results>
