<?xml version="1.0" encoding="UTF-8"?>
<testng-results ignored="0" total="2" passed="2" failed="0" skipped="0">
  <reporter-output>
  </reporter-output>
  <suite started-at="2024-01-28T18:37:27 NZDT" name="DemoSuite" finished-at="2024-01-28T18:37:27 NZDT" duration-ms="152">
    <groups>
    </groups>
    <test started-at="2024-01-28T18:37:27 NZDT" name="OrangeHRMLogin" finished-at="2024-01-28T18:37:27 NZDT" duration-ms="152">
      <class name="com.testng.tests.AnnotationTest">
        <test-method is-config="true" signature="beforeSuite()[pri:0, instance:com.testng.tests.AnnotationTest@6d4d66d2]" started-at="2024-01-28T18:37:27 NZDT" name="beforeSuite" finished-at="2024-01-28T18:37:27 NZDT" duration-ms="23" status="PASS">
          <reporter-output>
          </reporter-output>
        </test-method> <!-- beforeSuite -->
        <test-method is-config="true" signature="beforeTest()[pri:0, instance:com.testng.tests.AnnotationTest@6d4d66d2]" started-at="2024-01-28T18:37:27 NZDT" name="beforeTest" finished-at="2024-01-28T18:37:27 NZDT" duration-ms="1" status="PASS">
          <reporter-output>
          </reporter-output>
        </test-method> <!-- beforeTest -->
        <test-method is-config="true" signature="beforeClass()[pri:0, instance:com.testng.tests.AnnotationTest@6d4d66d2]" started-at="2024-01-28T18:37:27 NZDT" name="beforeClass" finished-at="2024-01-28T18:37:27 NZDT" duration-ms="1" status="PASS">
          <reporter-output>
          </reporter-output>
        </test-method> <!-- beforeClass -->
        <test-method is-config="true" signature="beforeMethod()[pri:0, instance:com.testng.tests.AnnotationTest@6d4d66d2]" started-at="2024-01-28T18:37:27 NZDT" name="beforeMethod" finished-at="2024-01-28T18:37:27 NZDT" duration-ms="2" status="PASS">
          <reporter-output>
          </reporter-output>
        </test-method> <!-- beforeMethod -->
        <test-method signature="test01()[pri:0, instance:com.testng.tests.AnnotationTest@6d4d66d2]" started-at="2024-01-28T18:37:27 NZDT" name="test01" finished-at="2024-01-28T18:37:27 NZDT" duration-ms="13" status="PASS">
          <reporter-output>
          </reporter-output>
        </test-method> <!-- test01 -->
        <test-method is-config="true" signature="afterMethod()[pri:0, instance:com.testng.tests.AnnotationTest@6d4d66d2]" started-at="2024-01-28T18:37:27 NZDT" name="afterMethod" finished-at="2024-01-28T18:37:27 NZDT" duration-ms="1" status="PASS">
          <reporter-output>
          </reporter-output>
        </test-method> <!-- afterMethod -->
        <test-method is-config="true" signature="beforeMethod()[pri:0, instance:com.testng.tests.AnnotationTest@6d4d66d2]" started-at="2024-01-28T18:37:27 NZDT" name="beforeMethod" finished-at="2024-01-28T18:37:27 NZDT" duration-ms="1" status="PASS">
          <reporter-output>
          </reporter-output>
        </test-method> <!-- beforeMethod -->
        <test-method signature="test02()[pri:0, instance:com.testng.tests.AnnotationTest@6d4d66d2]" started-at="2024-01-28T18:37:27 NZDT" name="test02" finished-at="2024-01-28T18:37:27 NZDT" duration-ms="2" status="PASS">
          <reporter-output>
          </reporter-output>
        </test-method> <!-- test02 -->
        <test-method is-config="true" signature="afterMethod()[pri:0, instance:com.testng.tests.AnnotationTest@6d4d66d2]" started-at="2024-01-28T18:37:27 NZDT" name="afterMethod" finished-at="2024-01-28T18:37:27 NZDT" duration-ms="0" status="PASS">
          <reporter-output>
          </reporter-output>
        </test-method> <!-- afterMethod -->
        <test-method is-config="true" signature="afterClass()[pri:0, instance:com.testng.tests.AnnotationTest@6d4d66d2]" started-at="2024-01-28T18:37:27 NZDT" name="afterClass" finished-at="2024-01-28T18:37:27 NZDT" duration-ms="1" status="PASS">
          <reporter-output>
          </reporter-output>
        </test-method> <!-- afterClass -->
        <test-method is-config="true" signature="afterTest()[pri:0, instance:com.testng.tests.AnnotationTest@6d4d66d2]" started-at="2024-01-28T18:37:27 NZDT" name="afterTest" finished-at="2024-01-28T18:37:27 NZDT" duration-ms="1" status="PASS">
          <reporter-output>
          </reporter-output>
        </test-method> <!-- afterTest -->
        <test-method is-config="true" signature="afterSuite()[pri:0, instance:com.testng.tests.AnnotationTest@6d4d66d2]" started-at="2024-01-28T18:37:28 NZDT" name="afterSuite" finished-at="2024-01-28T18:37:28 NZDT" duration-ms="1" status="PASS">
          <reporter-output>
          </reporter-output>
        </test-method> <!-- afterSuite -->
      </class> <!-- com.testng.tests.AnnotationTest -->
    </test> <!-- OrangeHRMLogin -->
  </suite> <!-- DemoSuite -->
</testng-results>
