<?xml version="1.0" encoding="UTF-8"?>
<!-- Generated by org.testng.reporters.JUnitXMLReporter -->
<testsuite ignored="3" hostname="Walters-MacBook-Pro.local" failures="0" tests="4" name="GroupTest" time="0.233" errors="0" timestamp="2024-01-30T08:39:47 NZDT">
  <testcase classname="com.testing.groupTest.GroupTest01" name="test01" time="0.02"/>
  <testcase classname="com.testing.groupTest.GroupTest01" name="test02" time="0.003"/>
  <testcase classname="com.testing.groupTest.GroupTest02" name="test04" time="0.003"/>
  <testcase classname="com.testing.groupTest.GroupTest02" name="test05" time="0.005"/>
  <testcase classname="com.testing.groupTest.GroupTest02" name="test07" time="0.0">
    <ignored/>
  </testcase> <!-- test07 -->
  <testcase classname="com.testing.groupTest.GroupTest02" name="test06" time="0.0">
    <ignored/>
  </testcase> <!-- test06 -->
  <testcase classname="com.testing.groupTest.GroupTest01" name="test03" time="0.0">
    <ignored/>
  </testcase> <!-- test03 -->
</testsuite> <!-- GroupTest -->
